[INFO] Scanning for projects...
[INFO] 
[INFO] ---------------< com.weeklyreport:weekly-report-backend >---------------
[INFO] Building weekly-report-backend 0.0.1-SNAPSHOT
[INFO]   from pom.xml
[INFO] --------------------------------[ jar ]---------------------------------
[INFO] 
[INFO] >>> spring-boot:3.2.0:run (default-cli) > test-compile @ weekly-report-backend >>>
[INFO] 
[INFO] --- resources:3.3.1:resources (default-resources) @ weekly-report-backend ---
[INFO] Copying 1 resource from src/main/resources to target/classes
[INFO] Copying 19 resources from src/main/resources to target/classes
[INFO] 
[INFO] --- compiler:3.11.0:compile (default-compile) @ weekly-report-backend ---
[INFO] Changes detected - recompiling the module! :input tree
[INFO] Compiling 133 source files with javac [debug release 17] to target/classes
[INFO] /Volumes/project/my-project/backend/src/main/java/com/weeklyreport/entity/Project.java: æŸäº›è¾“å…¥æ–‡ä»¶ä½¿ç”¨æˆ–è¦†ç›–äº†å·²è¿‡æ—¶çš„ APIã€‚
[INFO] /Volumes/project/my-project/backend/src/main/java/com/weeklyreport/entity/Project.java: æœ‰å…³è¯¦ç»†ä¿¡æ¯, è¯·ä½¿ç”¨ -Xlint:deprecation é‡æ–°ç¼–è¯‘ã€‚
[INFO] 
[INFO] --- resources:3.3.1:testResources (default-testResources) @ weekly-report-backend ---
[INFO] skip non existing resourceDirectory /Volumes/project/my-project/backend/src/test/resources
[INFO] 
[INFO] --- compiler:3.11.0:testCompile (default-testCompile) @ weekly-report-backend ---
[INFO] No sources to compile
[INFO] 
[INFO] <<< spring-boot:3.2.0:run (default-cli) < test-compile @ weekly-report-backend <<<
[INFO] 
[INFO] 
[INFO] --- spring-boot:3.2.0:run (default-cli) @ weekly-report-backend ---
[INFO] Attaching agents: []

  .   ____          _            __ _ _
 /\\ / ___'_ __ _ _(_)_ __  __ _ \ \ \ \
( ( )\___ | '_ | '_| | '_ \/ _` | \ \ \ \
 \\/  ___)| |_)| | | | | || (_| |  ) ) ) )
  '  |____| .__|_| |_|_| |_\__, | / / / /
 =========|_|==============|___/=/_/_/_/
[32m :: Spring Boot :: [39m              [2m (v3.2.0)[0;39m

2025-09-18 16:33:10 - Starting WeeklyReportApplication using Java 23.0.2 with PID 46963 (/Volumes/project/my-project/backend/target/classes started by zhangxiaoyu in /Volumes/project/my-project/backend)
2025-09-18 16:33:10 - Running with Spring Boot v3.2.0, Spring v6.1.1
2025-09-18 16:33:10 - The following 1 profile is active: "development"
2025-09-18 16:33:11 - Bootstrapping Spring Data JPA repositories in DEFAULT mode.
2025-09-18 16:33:11 - Finished Spring Data repository scanning in 38 ms. Found 12 JPA repository interfaces.
2025-09-18 16:33:11 - Tomcat initialized with port 8081 (http)
2025-09-18 16:33:11 - Starting service [Tomcat]
2025-09-18 16:33:11 - Starting Servlet engine: [Apache Tomcat/10.1.16]
2025-09-18 16:33:11 - Initializing Spring embedded WebApplicationContext
2025-09-18 16:33:11 - Root WebApplicationContext: initialization completed in 1040 ms
2025-09-18 16:33:12 - Filter 'jwtAuthenticationFilter' configured for use
2025-09-18 16:33:12 - WeeklyReportHikariCP - Starting...
2025-09-18 16:33:12 - WeeklyReportHikariCP - Added connection com.mysql.cj.jdbc.ConnectionImpl@280d6a20
2025-09-18 16:33:12 - WeeklyReportHikariCP - Start completed.
2025-09-18 16:33:12 - Flyway Community Edition 9.22.3 by Redgate
2025-09-18 16:33:12 - See release notes here: https://rd.gt/416ObMi
2025-09-18 16:33:12 - 
2025-09-18 16:33:12 - Database: jdbc:mysql://localhost:3307/qr_auth_dev (MySQL 8.0)
2025-09-18 16:33:12 - Exception encountered during context initialization - cancelling refresh attempt: org.springframework.beans.factory.BeanCreationException: Error creating bean with name 'flywayInitializer' defined in class path resource [org/springframework/boot/autoconfigure/flyway/FlywayAutoConfiguration$FlywayConfiguration.class]: Validate failed: Migrations have failed validation
Detected failed migration to version 3 (Add AI Analysis Tables).
Please remove any half-completed changes then run repair to fix the schema history.
Migration checksum mismatch for migration version 20
-> Applied to database : 0
-> Resolved locally    : 1385248485
Either revert the changes to the migration, or run repair to update the schema history.
Detected resolved migration not applied to database: 4.
To ignore this migration, set -ignoreMigrationPatterns='*:ignored'. To allow executing this migration, set -outOfOrder=true.
Detected resolved migration not applied to database: 5.
To ignore this migration, set -ignoreMigrationPatterns='*:ignored'. To allow executing this migration, set -outOfOrder=true.
Detected resolved migration not applied to database: 6.
To ignore this migration, set -ignoreMigrationPatterns='*:ignored'. To allow executing this migration, set -outOfOrder=true.
Detected resolved migration not applied to database: 7.
To ignore this migration, set -ignoreMigrationPatterns='*:ignored'. To allow executing this migration, set -outOfOrder=true.
Detected resolved migration not applied to database: 8.
To ignore this migration, set -ignoreMigrationPatterns='*:ignored'. To allow executing this migration, set -outOfOrder=true.
Detected resolved migration not applied to database: 9.
To ignore this migration, set -ignoreMigrationPatterns='*:ignored'. To allow executing this migration, set -outOfOrder=true.
Detected resolved migration not applied to database: 10.
To ignore this migration, set -ignoreMigrationPatterns='*:ignored'. To allow executing this migration, set -outOfOrder=true.
Detected resolved migration not applied to database: 11.
To ignore this migration, set -ignoreMigrationPatterns='*:ignored'. To allow executing this migration, set -outOfOrder=true.
Detected resolved migration not applied to database: 12.
To ignore this migration, set -ignoreMigrationPatterns='*:ignored'. To allow executing this migration, set -outOfOrder=true.
Detected resolved migration not applied to database: 13.
To ignore this migration, set -ignoreMigrationPatterns='*:ignored'. To allow executing this migration, set -outOfOrder=true.
Detected resolved migration not applied to database: 14.
To ignore this migration, set -ignoreMigrationPatterns='*:ignored'. To allow executing this migration, set -outOfOrder=true.
Detected resolved migration not applied to database: 15.
To ignore this migration, set -ignoreMigrationPatterns='*:ignored'. To allow executing this migration, set -outOfOrder=true.
Detected resolved migration not applied to database: 16.
To ignore this migration, set -ignoreMigrationPatterns='*:ignored'. To allow executing this migration, set -outOfOrder=true.
Detected resolved migration not applied to database: 17.
To ignore this migration, set -ignoreMigrationPatterns='*:ignored'. To allow executing this migration, set -outOfOrder=true.
Detected resolved migration not applied to database: 18.
To ignore this migration, set -ignoreMigrationPatterns='*:ignored'. To allow executing this migration, set -outOfOrder=true.
Detected resolved migration not applied to database: 19.
To ignore this migration, set -ignoreMigrationPatterns='*:ignored'. To allow executing this migration, set -outOfOrder=true.
Need more flexibility with validation rules? Learn more: https://rd.gt/3AbJUZE
2025-09-18 16:33:12 - WeeklyReportHikariCP - Shutdown initiated...
2025-09-18 16:33:12 - WeeklyReportHikariCP - Shutdown completed.
2025-09-18 16:33:12 - Stopping service [Tomcat]
2025-09-18 16:33:12 - 

Error starting ApplicationContext. To display the condition evaluation report re-run your application with 'debug' enabled.
2025-09-18 16:33:12 - Application run failed
org.springframework.beans.factory.BeanCreationException: Error creating bean with name 'flywayInitializer' defined in class path resource [org/springframework/boot/autoconfigure/flyway/FlywayAutoConfiguration$FlywayConfiguration.class]: Validate failed: Migrations have failed validation
Detected failed migration to version 3 (Add AI Analysis Tables).
Please remove any half-completed changes then run repair to fix the schema history.
Migration checksum mismatch for migration version 20
-> Applied to database : 0
-> Resolved locally    : 1385248485
Either revert the changes to the migration, or run repair to update the schema history.
Detected resolved migration not applied to database: 4.
To ignore this migration, set -ignoreMigrationPatterns='*:ignored'. To allow executing this migration, set -outOfOrder=true.
Detected resolved migration not applied to database: 5.
To ignore this migration, set -ignoreMigrationPatterns='*:ignored'. To allow executing this migration, set -outOfOrder=true.
Detected resolved migration not applied to database: 6.
To ignore this migration, set -ignoreMigrationPatterns='*:ignored'. To allow executing this migration, set -outOfOrder=true.
Detected resolved migration not applied to database: 7.
To ignore this migration, set -ignoreMigrationPatterns='*:ignored'. To allow executing this migration, set -outOfOrder=true.
Detected resolved migration not applied to database: 8.
To ignore this migration, set -ignoreMigrationPatterns='*:ignored'. To allow executing this migration, set -outOfOrder=true.
Detected resolved migration not applied to database: 9.
To ignore this migration, set -ignoreMigrationPatterns='*:ignored'. To allow executing this migration, set -outOfOrder=true.
Detected resolved migration not applied to database: 10.
To ignore this migration, set -ignoreMigrationPatterns='*:ignored'. To allow executing this migration, set -outOfOrder=true.
Detected resolved migration not applied to database: 11.
To ignore this migration, set -ignoreMigrationPatterns='*:ignored'. To allow executing this migration, set -outOfOrder=true.
Detected resolved migration not applied to database: 12.
To ignore this migration, set -ignoreMigrationPatterns='*:ignored'. To allow executing this migration, set -outOfOrder=true.
Detected resolved migration not applied to database: 13.
To ignore this migration, set -ignoreMigrationPatterns='*:ignored'. To allow executing this migration, set -outOfOrder=true.
Detected resolved migration not applied to database: 14.
To ignore this migration, set -ignoreMigrationPatterns='*:ignored'. To allow executing this migration, set -outOfOrder=true.
Detected resolved migration not applied to database: 15.
To ignore this migration, set -ignoreMigrationPatterns='*:ignored'. To allow executing this migration, set -outOfOrder=true.
Detected resolved migration not applied to database: 16.
To ignore this migration, set -ignoreMigrationPatterns='*:ignored'. To allow executing this migration, set -outOfOrder=true.
Detected resolved migration not applied to database: 17.
To ignore this migration, set -ignoreMigrationPatterns='*:ignored'. To allow executing this migration, set -outOfOrder=true.
Detected resolved migration not applied to database: 18.
To ignore this migration, set -ignoreMigrationPatterns='*:ignored'. To allow executing this migration, set -outOfOrder=true.
Detected resolved migration not applied to database: 19.
To ignore this migration, set -ignoreMigrationPatterns='*:ignored'. To allow executing this migration, set -outOfOrder=true.
Need more flexibility with validation rules? Learn more: https://rd.gt/3AbJUZE
	at org.springframework.beans.factory.support.AbstractAutowireCapableBeanFactory.initializeBean(AbstractAutowireCapableBeanFactory.java:1775)
	at org.springframework.beans.factory.support.AbstractAutowireCapableBeanFactory.doCreateBean(AbstractAutowireCapableBeanFactory.java:601)
	at org.springframework.beans.factory.support.AbstractAutowireCapableBeanFactory.createBean(AbstractAutowireCapableBeanFactory.java:523)
	at org.springframework.beans.factory.support.AbstractBeanFactory.lambda$doGetBean$0(AbstractBeanFactory.java:325)
	at org.springframework.beans.factory.support.DefaultSingletonBeanRegistry.getSingleton(DefaultSingletonBeanRegistry.java:234)
	at org.springframework.beans.factory.support.AbstractBeanFactory.doGetBean(AbstractBeanFactory.java:323)
	at org.springframework.beans.factory.support.AbstractBeanFactory.getBean(AbstractBeanFactory.java:199)
	at org.springframework.beans.factory.support.AbstractBeanFactory.doGetBean(AbstractBeanFactory.java:312)
	at org.springframework.beans.factory.support.AbstractBeanFactory.getBean(AbstractBeanFactory.java:199)
	at org.springframework.context.support.AbstractApplicationContext.getBean(AbstractApplicationContext.java:1173)
	at org.springframework.context.support.AbstractApplicationContext.finishBeanFactoryInitialization(AbstractApplicationContext.java:936)
	at org.springframework.context.support.AbstractApplicationContext.refresh(AbstractApplicationContext.java:616)
	at org.springframework.boot.web.servlet.context.ServletWebServerApplicationContext.refresh(ServletWebServerApplicationContext.java:146)
	at org.springframework.boot.SpringApplication.refresh(SpringApplication.java:753)
	at org.springframework.boot.SpringApplication.refreshContext(SpringApplication.java:455)
	at org.springframework.boot.SpringApplication.run(SpringApplication.java:323)
	at org.springframework.boot.SpringApplication.run(SpringApplication.java:1342)
	at org.springframework.boot.SpringApplication.run(SpringApplication.java:1331)
	at com.weeklyreport.WeeklyReportApplication.main(WeeklyReportApplication.java:13)
Caused by: org.flywaydb.core.api.exception.FlywayValidateException: Validate failed: Migrations have failed validation
Detected failed migration to version 3 (Add AI Analysis Tables).
Please remove any half-completed changes then run repair to fix the schema history.
Migration checksum mismatch for migration version 20
-> Applied to database : 0
-> Resolved locally    : 1385248485
Either revert the changes to the migration, or run repair to update the schema history.
Detected resolved migration not applied to database: 4.
To ignore this migration, set -ignoreMigrationPatterns='*:ignored'. To allow executing this migration, set -outOfOrder=true.
Detected resolved migration not applied to database: 5.
To ignore this migration, set -ignoreMigrationPatterns='*:ignored'. To allow executing this migration, set -outOfOrder=true.
Detected resolved migration not applied to database: 6.
To ignore this migration, set -ignoreMigrationPatterns='*:ignored'. To allow executing this migration, set -outOfOrder=true.
Detected resolved migration not applied to database: 7.
To ignore this migration, set -ignoreMigrationPatterns='*:ignored'. To allow executing this migration, set -outOfOrder=true.
Detected resolved migration not applied to database: 8.
To ignore this migration, set -ignoreMigrationPatterns='*:ignored'. To allow executing this migration, set -outOfOrder=true.
Detected resolved migration not applied to database: 9.
To ignore this migration, set -ignoreMigrationPatterns='*:ignored'. To allow executing this migration, set -outOfOrder=true.
Detected resolved migration not applied to database: 10.
To ignore this migration, set -ignoreMigrationPatterns='*:ignored'. To allow executing this migration, set -outOfOrder=true.
Detected resolved migration not applied to database: 11.
To ignore this migration, set -ignoreMigrationPatterns='*:ignored'. To allow executing this migration, set -outOfOrder=true.
Detected resolved migration not applied to database: 12.
To ignore this migration, set -ignoreMigrationPatterns='*:ignored'. To allow executing this migration, set -outOfOrder=true.
Detected resolved migration not applied to database: 13.
To ignore this migration, set -ignoreMigrationPatterns='*:ignored'. To allow executing this migration, set -outOfOrder=true.
Detected resolved migration not applied to database: 14.
To ignore this migration, set -ignoreMigrationPatterns='*:ignored'. To allow executing this migration, set -outOfOrder=true.
Detected resolved migration not applied to database: 15.
To ignore this migration, set -ignoreMigrationPatterns='*:ignored'. To allow executing this migration, set -outOfOrder=true.
Detected resolved migration not applied to database: 16.
To ignore this migration, set -ignoreMigrationPatterns='*:ignored'. To allow executing this migration, set -outOfOrder=true.
Detected resolved migration not applied to database: 17.
To ignore this migration, set -ignoreMigrationPatterns='*:ignored'. To allow executing this migration, set -outOfOrder=true.
Detected resolved migration not applied to database: 18.
To ignore this migration, set -ignoreMigrationPatterns='*:ignored'. To allow executing this migration, set -outOfOrder=true.
Detected resolved migration not applied to database: 19.
To ignore this migration, set -ignoreMigrationPatterns='*:ignored'. To allow executing this migration, set -outOfOrder=true.
Need more flexibility with validation rules? Learn more: https://rd.gt/3AbJUZE
	at org.flywaydb.core.Flyway.lambda$migrate$0(Flyway.java:146)
	at org.flywaydb.core.FlywayExecutor.execute(FlywayExecutor.java:213)
	at org.flywaydb.core.Flyway.migrate(Flyway.java:140)
	at org.springframework.boot.autoconfigure.flyway.FlywayMigrationInitializer.afterPropertiesSet(FlywayMigrationInitializer.java:66)
	at org.springframework.beans.factory.support.AbstractAutowireCapableBeanFactory.invokeInitMethods(AbstractAutowireCapableBeanFactory.java:1822)
	at org.springframework.beans.factory.support.AbstractAutowireCapableBeanFactory.initializeBean(AbstractAutowireCapableBeanFactory.java:1771)
	... 18 common frames omitted
[INFO] ------------------------------------------------------------------------
[INFO] BUILD FAILURE
[INFO] ------------------------------------------------------------------------
[INFO] Total time:  4.647 s
[INFO] Finished at: 2025-09-18T16:33:12+08:00
[INFO] ------------------------------------------------------------------------
[ERROR] Failed to execute goal org.springframework.boot:spring-boot-maven-plugin:3.2.0:run (default-cli) on project weekly-report-backend: Process terminated with exit code: 1 -> [Help 1]
[ERROR] 
[ERROR] To see the full stack trace of the errors, re-run Maven with the -e switch.
[ERROR] Re-run Maven using the -X switch to enable full debug logging.
[ERROR] 
[ERROR] For more information about the errors and possible solutions, please read the following articles:
[ERROR] [Help 1] http://cwiki.apache.org/confluence/display/MAVEN/MojoExecutionException
