[INFO] Scanning for projects...
[INFO] 
[INFO] ---------------< com.weeklyreport:weekly-report-backend >---------------
[INFO] Building weekly-report-backend 0.0.1-SNAPSHOT
[INFO]   from pom.xml
[INFO] --------------------------------[ jar ]---------------------------------
[INFO] 
[INFO] --- clean:3.3.2:clean (default-clean) @ weekly-report-backend ---
[INFO] Deleting /Volumes/project/my-project/backend/target
[INFO] 
[INFO] --- resources:3.3.1:resources (default-resources) @ weekly-report-backend ---
[INFO] Copying 1 resource from src/main/resources to target/classes
[INFO] Copying 34 resources from src/main/resources to target/classes
[INFO] 
[INFO] --- compiler:3.11.0:compile (default-compile) @ weekly-report-backend ---
[INFO] Changes detected - recompiling the module! :source
[INFO] Compiling 154 source files with javac [debug release 17] to target/classes
[INFO] /Volumes/project/my-project/backend/src/main/java/com/weeklyreport/service/ai/AIAnalysisService.java: æŸäº›è¾“å…¥æ–‡ä»¶ä½¿ç”¨æˆ–è¦†ç›–äº†å·²è¿‡æ—¶çš„ APIã€‚
[INFO] /Volumes/project/my-project/backend/src/main/java/com/weeklyreport/service/ai/AIAnalysisService.java: æœ‰å…³è¯¦ç»†ä¿¡æ¯, è¯·ä½¿ç”¨ -Xlint:deprecation é‡æ–°ç¼–è¯‘ã€‚
[INFO] 
[INFO] >>> spring-boot:3.2.0:run (default-cli) > test-compile @ weekly-report-backend >>>
[INFO] 
[INFO] --- resources:3.3.1:resources (default-resources) @ weekly-report-backend ---
[INFO] Copying 1 resource from src/main/resources to target/classes
[INFO] Copying 34 resources from src/main/resources to target/classes
[INFO] 
[INFO] --- compiler:3.11.0:compile (default-compile) @ weekly-report-backend ---
[INFO] Nothing to compile - all classes are up to date
[INFO] 
[INFO] --- resources:3.3.1:testResources (default-testResources) @ weekly-report-backend ---
[INFO] skip non existing resourceDirectory /Volumes/project/my-project/backend/src/test/resources
[INFO] 
[INFO] --- compiler:3.11.0:testCompile (default-testCompile) @ weekly-report-backend ---
[INFO] Changes detected - recompiling the module! :dependency
[INFO] Compiling 3 source files with javac [debug release 17] to target/test-classes
[INFO] 
[INFO] <<< spring-boot:3.2.0:run (default-cli) < test-compile @ weekly-report-backend <<<
[INFO] 
[INFO] 
[INFO] --- spring-boot:3.2.0:run (default-cli) @ weekly-report-backend ---
[INFO] Attaching agents: []

  .   ____          _            __ _ _
 /\\ / ___'_ __ _ _(_)_ __  __ _ \ \ \ \
( ( )\___ | '_ | '_| | '_ \/ _` | \ \ \ \
 \\/  ___)| |_)| | | | | || (_| |  ) ) ) )
  '  |____| .__|_| |_|_| |_\__, | / / / /
 =========|_|==============|___/=/_/_/_/
[32m :: Spring Boot :: [39m              [2m (v3.2.0)[0;39m

2025-09-22 10:25:31.194 [main] INFO  com.weeklyreport.WeeklyReportApplication - Starting WeeklyReportApplication using Java 23.0.2 with PID 16116 (started by zhangxiaoyu in /Volumes/project/my-project/backend)
2025-09-22 10:25:31.196 [main] DEBUG com.weeklyreport.WeeklyReportApplication - Running with Spring Boot v3.2.0, Spring v6.1.1
2025-09-22 10:25:31.196 [main] INFO  com.weeklyreport.WeeklyReportApplication - The following 1 profile is active: "dev"
2025-09-22 10:25:31.867 [main] INFO  o.s.d.r.config.RepositoryConfigurationDelegate - Bootstrapping Spring Data JPA repositories in DEFAULT mode.
2025-09-22 10:25:31.880 [main] INFO  o.s.d.r.config.RepositoryConfigurationDelegate - Finished Spring Data repository scanning in 8 ms. Found 0 JPA repository interfaces.
2025-09-22 10:25:32.470 [main] INFO  o.s.boot.web.embedded.tomcat.TomcatWebServer - Tomcat initialized with port 8081 (http)
2025-09-22 10:25:32.477 [main] INFO  org.apache.catalina.core.StandardService - Starting service [Tomcat]
2025-09-22 10:25:32.477 [main] INFO  org.apache.catalina.core.StandardEngine - Starting Servlet engine: [Apache Tomcat/10.1.16]
2025-09-22 10:25:32.519 [main] INFO  o.a.c.c.ContainerBase.[Tomcat].[localhost].[/api] - Initializing Spring embedded WebApplicationContext
2025-09-22 10:25:32.519 [main] INFO  o.s.b.w.s.c.ServletWebServerApplicationContext - Root WebApplicationContext: initialization completed in 1280 ms
2025-09-22 10:25:32.654 [main] DEBUG o.s.web.filter.ServerHttpObservationFilter - Filter 'webMvcObservationFilter' configured for use
2025-09-22 10:25:32.671 [main] DEBUG com.zaxxer.hikari.HikariConfig - Driver class com.mysql.cj.jdbc.Driver found in Thread context class loader jdk.internal.loader.ClassLoaders$AppClassLoader@18ff02e4
2025-09-22 10:25:32.744 [main] DEBUG o.s.orm.jpa.LocalContainerEntityManagerFactoryBean - Building JPA container EntityManagerFactory for persistence unit 'default'
2025-09-22 10:25:32.760 [main] INFO  org.hibernate.jpa.internal.util.LogHelper - HHH000204: Processing PersistenceUnitInfo [name: default]
2025-09-22 10:25:32.845 [main] INFO  org.hibernate.Version - HHH000412: Hibernate ORM core version 6.3.1.Final
2025-09-22 10:25:32.864 [main] INFO  o.hibernate.cache.internal.RegionFactoryInitiator - HHH000026: Second-level cache disabled
2025-09-22 10:25:32.990 [main] INFO  o.s.o.j.persistenceunit.SpringPersistenceUnitInfo - No LoadTimeWeaver setup: ignoring JPA class transformer
2025-09-22 10:25:33.007 [main] WARN  org.hibernate.orm.deprecation - HHH90000025: MySQL8Dialect does not need to be specified explicitly using 'hibernate.dialect' (remove the property setting and it will be selected by default)
2025-09-22 10:25:33.007 [main] WARN  org.hibernate.orm.deprecation - HHH90000026: MySQL8Dialect has been deprecated; use org.hibernate.dialect.MySQLDialect instead
2025-09-22 10:25:33.631 [main] INFO  o.h.e.t.jta.platform.internal.JtaPlatformInitiator - HHH000489: No JTA platform available (set 'hibernate.transaction.jta.platform' to enable JTA platform integration)
2025-09-22 10:25:33.633 [main] INFO  o.s.orm.jpa.LocalContainerEntityManagerFactoryBean - Initialized JPA EntityManagerFactory for persistence unit 'default'
2025-09-22 10:25:33.881 [main] DEBUG o.s.w.s.m.m.a.RequestMappingHandlerMapping - 6 mappings in 'requestMappingHandlerMapping'
2025-09-22 10:25:33.989 [main] DEBUG o.s.web.servlet.config.annotation.WebMvcConfigurer - Default resource handling disabled
2025-09-22 10:25:33.992 [main] DEBUG o.s.web.servlet.handler.SimpleUrlHandlerMapping - Patterns [/swagger-ui*/*swagger-initializer.js, /swagger-ui*/**] in 'resourceHandlerMapping'
2025-09-22 10:25:34.025 [main] DEBUG o.s.w.s.m.m.a.RequestMappingHandlerAdapter - ControllerAdvice beans: 0 @ModelAttribute, 0 @InitBinder, 1 RequestBodyAdvice, 1 ResponseBodyAdvice
2025-09-22 10:25:34.046 [main] DEBUG o.s.w.s.m.m.a.ExceptionHandlerExceptionResolver - ControllerAdvice beans: 1 @ExceptionHandler, 1 ResponseBodyAdvice
2025-09-22 10:25:34.422 [main] INFO  o.s.b.actuate.endpoint.web.EndpointLinksResolver - Exposing 3 endpoint(s) beneath base path '/actuator'
2025-09-22 10:25:34.448 [main] INFO  o.s.security.web.DefaultSecurityFilterChain - Will secure any request with [org.springframework.security.web.session.DisableEncodeUrlFilter@542adcfa, org.springframework.security.web.context.request.async.WebAsyncManagerIntegrationFilter@3adf3670, org.springframework.security.web.context.SecurityContextHolderFilter@22ac1a0d, org.springframework.security.web.header.HeaderWriterFilter@3df2f4ab, org.springframework.web.filter.CorsFilter@5f6e6902, org.springframework.security.web.csrf.CsrfFilter@4eef8498, org.springframework.security.web.authentication.logout.LogoutFilter@246701d5, org.springframework.security.web.authentication.UsernamePasswordAuthenticationFilter@796267e8, org.springframework.security.web.authentication.ui.DefaultLoginPageGeneratingFilter@68893394, org.springframework.security.web.authentication.ui.DefaultLogoutPageGeneratingFilter@54d8236c, org.springframework.security.web.authentication.www.BasicAuthenticationFilter@4c29138a, org.springframework.security.web.savedrequest.RequestCacheAwareFilter@4daee083, org.springframework.security.web.servletapi.SecurityContextHolderAwareRequestFilter@5c3cc103, org.springframework.security.web.authentication.AnonymousAuthenticationFilter@5697f801, org.springframework.security.web.access.ExceptionTranslationFilter@1d3f5482, org.springframework.security.web.access.intercept.AuthorizationFilter@310df168]
2025-09-22 10:25:34.553 [main] INFO  o.s.boot.web.embedded.tomcat.TomcatWebServer - Tomcat started on port 8081 (http) with context path '/api'
2025-09-22 10:25:34.563 [main] INFO  com.weeklyreport.WeeklyReportApplication - Started WeeklyReportApplication in 3.763 seconds (process running for 4.053)
2025-09-22 10:26:01.873 [http-nio-8081-exec-1] INFO  o.a.c.c.ContainerBase.[Tomcat].[localhost].[/api] - Initializing Spring DispatcherServlet 'dispatcherServlet'
2025-09-22 10:26:01.874 [http-nio-8081-exec-1] INFO  org.springframework.web.servlet.DispatcherServlet - Initializing Servlet 'dispatcherServlet'
2025-09-22 10:26:01.874 [http-nio-8081-exec-1] DEBUG org.springframework.web.servlet.DispatcherServlet - Detected StandardServletMultipartResolver
2025-09-22 10:26:01.874 [http-nio-8081-exec-1] DEBUG org.springframework.web.servlet.DispatcherServlet - Detected AcceptHeaderLocaleResolver
2025-09-22 10:26:01.874 [http-nio-8081-exec-1] DEBUG org.springframework.web.servlet.DispatcherServlet - Detected FixedThemeResolver
2025-09-22 10:26:01.877 [http-nio-8081-exec-1] DEBUG org.springframework.web.servlet.DispatcherServlet - Detected org.springframework.web.servlet.view.DefaultRequestToViewNameTranslator@593d0173
2025-09-22 10:26:01.877 [http-nio-8081-exec-1] DEBUG org.springframework.web.servlet.DispatcherServlet - Detected org.springframework.web.servlet.support.SessionFlashMapManager@16ca4532
2025-09-22 10:26:01.877 [http-nio-8081-exec-1] DEBUG org.springframework.web.servlet.DispatcherServlet - enableLoggingRequestDetails='false': request parameters and headers will be masked to prevent unsafe logging of potentially sensitive data
2025-09-22 10:26:01.877 [http-nio-8081-exec-1] INFO  org.springframework.web.servlet.DispatcherServlet - Completed initialization in 3 ms
2025-09-22 10:26:01.888 [http-nio-8081-exec-1] DEBUG org.springframework.security.web.FilterChainProxy - Securing GET /health/ping
2025-09-22 10:26:01.893 [http-nio-8081-exec-1] WARN  o.s.web.servlet.handler.HandlerMappingIntrospector - Cache miss for REQUEST dispatch to '/api/health/ping' (previous null). Performing CorsConfiguration lookup. This is logged once only at WARN level, and every time at TRACE.
2025-09-22 10:26:01.903 [http-nio-8081-exec-1] DEBUG o.s.s.w.a.AnonymousAuthenticationFilter - Set SecurityContextHolder to anonymous SecurityContext
2025-09-22 10:26:01.918 [http-nio-8081-exec-1] DEBUG o.s.s.web.savedrequest.HttpSessionRequestCache - Saved request http://127.0.0.1:8081/api/health/ping?continue to session
2025-09-22 10:26:01.920 [http-nio-8081-exec-1] DEBUG o.s.s.w.a.DelegatingAuthenticationEntryPoint - Trying to match using And [Not [RequestHeaderRequestMatcher [expectedHeaderName=X-Requested-With, expectedHeaderValue=XMLHttpRequest]], MediaTypeRequestMatcher [contentNegotiationStrategy=org.springframework.web.accept.ContentNegotiationManager@18b88f7, matchingMediaTypes=[application/xhtml+xml, image/*, text/html, text/plain], useEquals=false, ignoredMediaTypes=[*/*]]]
2025-09-22 10:26:01.920 [http-nio-8081-exec-1] DEBUG o.s.s.w.a.DelegatingAuthenticationEntryPoint - Trying to match using Or [RequestHeaderRequestMatcher [expectedHeaderName=X-Requested-With, expectedHeaderValue=XMLHttpRequest], And [Not [MediaTypeRequestMatcher [contentNegotiationStrategy=org.springframework.web.accept.ContentNegotiationManager@18b88f7, matchingMediaTypes=[text/html], useEquals=false, ignoredMediaTypes=[]]], MediaTypeRequestMatcher [contentNegotiationStrategy=org.springframework.web.accept.ContentNegotiationManager@18b88f7, matchingMediaTypes=[application/atom+xml, application/x-www-form-urlencoded, application/json, application/octet-stream, application/xml, multipart/form-data, text/xml], useEquals=false, ignoredMediaTypes=[*/*]]], MediaTypeRequestMatcher [contentNegotiationStrategy=org.springframework.web.accept.ContentNegotiationManager@18b88f7, matchingMediaTypes=[*/*], useEquals=true, ignoredMediaTypes=[]]]
2025-09-22 10:26:01.920 [http-nio-8081-exec-1] DEBUG o.s.s.w.a.DelegatingAuthenticationEntryPoint - Match found! Executing org.springframework.security.web.authentication.DelegatingAuthenticationEntryPoint@6b174aa3
2025-09-22 10:26:01.920 [http-nio-8081-exec-1] DEBUG o.s.s.w.a.DelegatingAuthenticationEntryPoint - Trying to match using RequestHeaderRequestMatcher [expectedHeaderName=X-Requested-With, expectedHeaderValue=XMLHttpRequest]
2025-09-22 10:26:01.920 [http-nio-8081-exec-1] DEBUG o.s.s.w.a.DelegatingAuthenticationEntryPoint - No match found. Using default entry point org.springframework.security.web.authentication.www.BasicAuthenticationEntryPoint@7282b5f3
2025-09-22 10:26:01.923 [http-nio-8081-exec-1] DEBUG org.springframework.security.web.FilterChainProxy - Securing GET /error
2025-09-22 10:26:01.923 [http-nio-8081-exec-1] DEBUG o.s.s.w.a.AnonymousAuthenticationFilter - Set SecurityContextHolder to anonymous SecurityContext
2025-09-22 10:26:01.924 [http-nio-8081-exec-1] DEBUG o.s.s.web.savedrequest.HttpSessionRequestCache - Saved request http://127.0.0.1:8081/api/error?continue to session
2025-09-22 10:26:01.924 [http-nio-8081-exec-1] DEBUG o.s.s.w.a.DelegatingAuthenticationEntryPoint - Trying to match using And [Not [RequestHeaderRequestMatcher [expectedHeaderName=X-Requested-With, expectedHeaderValue=XMLHttpRequest]], MediaTypeRequestMatcher [contentNegotiationStrategy=org.springframework.web.accept.ContentNegotiationManager@18b88f7, matchingMediaTypes=[application/xhtml+xml, image/*, text/html, text/plain], useEquals=false, ignoredMediaTypes=[*/*]]]
2025-09-22 10:26:01.924 [http-nio-8081-exec-1] DEBUG o.s.s.w.a.DelegatingAuthenticationEntryPoint - Trying to match using Or [RequestHeaderRequestMatcher [expectedHeaderName=X-Requested-With, expectedHeaderValue=XMLHttpRequest], And [Not [MediaTypeRequestMatcher [contentNegotiationStrategy=org.springframework.web.accept.ContentNegotiationManager@18b88f7, matchingMediaTypes=[text/html], useEquals=false, ignoredMediaTypes=[]]], MediaTypeRequestMatcher [contentNegotiationStrategy=org.springframework.web.accept.ContentNegotiationManager@18b88f7, matchingMediaTypes=[application/atom+xml, application/x-www-form-urlencoded, application/json, application/octet-stream, application/xml, multipart/form-data, text/xml], useEquals=false, ignoredMediaTypes=[*/*]]], MediaTypeRequestMatcher [contentNegotiationStrategy=org.springframework.web.accept.ContentNegotiationManager@18b88f7, matchingMediaTypes=[*/*], useEquals=true, ignoredMediaTypes=[]]]
2025-09-22 10:26:01.924 [http-nio-8081-exec-1] DEBUG o.s.s.w.a.DelegatingAuthenticationEntryPoint - Match found! Executing org.springframework.security.web.authentication.DelegatingAuthenticationEntryPoint@6b174aa3
2025-09-22 10:26:01.924 [http-nio-8081-exec-1] DEBUG o.s.s.w.a.DelegatingAuthenticationEntryPoint - Trying to match using RequestHeaderRequestMatcher [expectedHeaderName=X-Requested-With, expectedHeaderValue=XMLHttpRequest]
2025-09-22 10:26:01.924 [http-nio-8081-exec-1] DEBUG o.s.s.w.a.DelegatingAuthenticationEntryPoint - No match found. Using default entry point org.springframework.security.web.authentication.www.BasicAuthenticationEntryPoint@7282b5f3
2025-09-22 10:26:11.454 [http-nio-8081-exec-2] DEBUG org.springframework.security.web.FilterChainProxy - Securing POST /auth/login
2025-09-22 10:26:11.456 [http-nio-8081-exec-2] DEBUG org.springframework.security.web.csrf.CsrfFilter - Invalid CSRF token found for http://127.0.0.1:8081/api/auth/login
2025-09-22 10:26:11.456 [http-nio-8081-exec-2] DEBUG o.s.security.web.access.AccessDeniedHandlerImpl - Responding with 403 status code
2025-09-22 10:26:11.457 [http-nio-8081-exec-2] DEBUG org.springframework.security.web.FilterChainProxy - Securing POST /error
2025-09-22 10:26:11.457 [http-nio-8081-exec-2] DEBUG o.s.s.w.a.AnonymousAuthenticationFilter - Set SecurityContextHolder to anonymous SecurityContext
2025-09-22 10:26:11.457 [http-nio-8081-exec-2] DEBUG o.s.s.w.a.DelegatingAuthenticationEntryPoint - Trying to match using And [Not [RequestHeaderRequestMatcher [expectedHeaderName=X-Requested-With, expectedHeaderValue=XMLHttpRequest]], MediaTypeRequestMatcher [contentNegotiationStrategy=org.springframework.web.accept.ContentNegotiationManager@18b88f7, matchingMediaTypes=[application/xhtml+xml, image/*, text/html, text/plain], useEquals=false, ignoredMediaTypes=[*/*]]]
2025-09-22 10:26:11.458 [http-nio-8081-exec-2] DEBUG o.s.s.w.a.DelegatingAuthenticationEntryPoint - Trying to match using Or [RequestHeaderRequestMatcher [expectedHeaderName=X-Requested-With, expectedHeaderValue=XMLHttpRequest], And [Not [MediaTypeRequestMatcher [contentNegotiationStrategy=org.springframework.web.accept.ContentNegotiationManager@18b88f7, matchingMediaTypes=[text/html], useEquals=false, ignoredMediaTypes=[]]], MediaTypeRequestMatcher [contentNegotiationStrategy=org.springframework.web.accept.ContentNegotiationManager@18b88f7, matchingMediaTypes=[application/atom+xml, application/x-www-form-urlencoded, application/json, application/octet-stream, application/xml, multipart/form-data, text/xml], useEquals=false, ignoredMediaTypes=[*/*]]], MediaTypeRequestMatcher [contentNegotiationStrategy=org.springframework.web.accept.ContentNegotiationManager@18b88f7, matchingMediaTypes=[*/*], useEquals=true, ignoredMediaTypes=[]]]
2025-09-22 10:26:11.458 [http-nio-8081-exec-2] DEBUG o.s.s.w.a.DelegatingAuthenticationEntryPoint - Match found! Executing org.springframework.security.web.authentication.DelegatingAuthenticationEntryPoint@6b174aa3
2025-09-22 10:26:11.458 [http-nio-8081-exec-2] DEBUG o.s.s.w.a.DelegatingAuthenticationEntryPoint - Trying to match using RequestHeaderRequestMatcher [expectedHeaderName=X-Requested-With, expectedHeaderValue=XMLHttpRequest]
2025-09-22 10:26:11.458 [http-nio-8081-exec-2] DEBUG o.s.s.w.a.DelegatingAuthenticationEntryPoint - No match found. Using default entry point org.springframework.security.web.authentication.www.BasicAuthenticationEntryPoint@7282b5f3
2025-09-22 10:26:22.752 [http-nio-8081-exec-4] DEBUG org.springframework.security.web.FilterChainProxy - Securing PUT /weekly-reports/1/super-admin-approve
2025-09-22 10:26:22.754 [http-nio-8081-exec-4] DEBUG org.springframework.security.web.csrf.CsrfFilter - Invalid CSRF token found for http://127.0.0.1:8081/api/weekly-reports/1/super-admin-approve
2025-09-22 10:26:22.754 [http-nio-8081-exec-4] DEBUG o.s.security.web.access.AccessDeniedHandlerImpl - Responding with 403 status code
2025-09-22 10:26:22.754 [http-nio-8081-exec-4] DEBUG org.springframework.security.web.FilterChainProxy - Securing PUT /error
2025-09-22 10:26:22.755 [http-nio-8081-exec-4] DEBUG o.s.s.w.a.AnonymousAuthenticationFilter - Set SecurityContextHolder to anonymous SecurityContext
2025-09-22 10:26:22.755 [http-nio-8081-exec-4] DEBUG o.s.s.w.a.DelegatingAuthenticationEntryPoint - Trying to match using And [Not [RequestHeaderRequestMatcher [expectedHeaderName=X-Requested-With, expectedHeaderValue=XMLHttpRequest]], MediaTypeRequestMatcher [contentNegotiationStrategy=org.springframework.web.accept.ContentNegotiationManager@18b88f7, matchingMediaTypes=[application/xhtml+xml, image/*, text/html, text/plain], useEquals=false, ignoredMediaTypes=[*/*]]]
2025-09-22 10:26:22.755 [http-nio-8081-exec-4] DEBUG o.s.s.w.a.DelegatingAuthenticationEntryPoint - Trying to match using Or [RequestHeaderRequestMatcher [expectedHeaderName=X-Requested-With, expectedHeaderValue=XMLHttpRequest], And [Not [MediaTypeRequestMatcher [contentNegotiationStrategy=org.springframework.web.accept.ContentNegotiationManager@18b88f7, matchingMediaTypes=[text/html], useEquals=false, ignoredMediaTypes=[]]], MediaTypeRequestMatcher [contentNegotiationStrategy=org.springframework.web.accept.ContentNegotiationManager@18b88f7, matchingMediaTypes=[application/atom+xml, application/x-www-form-urlencoded, application/json, application/octet-stream, application/xml, multipart/form-data, text/xml], useEquals=false, ignoredMediaTypes=[*/*]]], MediaTypeRequestMatcher [contentNegotiationStrategy=org.springframework.web.accept.ContentNegotiationManager@18b88f7, matchingMediaTypes=[*/*], useEquals=true, ignoredMediaTypes=[]]]
2025-09-22 10:26:22.755 [http-nio-8081-exec-4] DEBUG o.s.s.w.a.DelegatingAuthenticationEntryPoint - Match found! Executing org.springframework.security.web.authentication.DelegatingAuthenticationEntryPoint@6b174aa3
2025-09-22 10:26:22.755 [http-nio-8081-exec-4] DEBUG o.s.s.w.a.DelegatingAuthenticationEntryPoint - Trying to match using RequestHeaderRequestMatcher [expectedHeaderName=X-Requested-With, expectedHeaderValue=XMLHttpRequest]
2025-09-22 10:26:22.755 [http-nio-8081-exec-4] DEBUG o.s.s.w.a.DelegatingAuthenticationEntryPoint - No match found. Using default entry point org.springframework.security.web.authentication.www.BasicAuthenticationEntryPoint@7282b5f3
2025-09-22 10:26:35.900 [SpringApplicationShutdownHook] INFO  o.s.orm.jpa.LocalContainerEntityManagerFactoryBean - Closing JPA EntityManagerFactory for persistence unit 'default'
[INFO] ------------------------------------------------------------------------
[INFO] BUILD FAILURE
[INFO] ------------------------------------------------------------------------
[INFO] Total time:  01:09 min
[INFO] Finished at: 2025-09-22T10:26:35+08:00
[INFO] ------------------------------------------------------------------------
[ERROR] Failed to execute goal org.springframework.boot:spring-boot-maven-plugin:3.2.0:run (default-cli) on project weekly-report-backend: Process terminated with exit code: 143 -> [Help 1]
[ERROR] 
[ERROR] To see the full stack trace of the errors, re-run Maven with the -e switch.
[ERROR] Re-run Maven using the -X switch to enable full debug logging.
[ERROR] 
[ERROR] For more information about the errors and possible solutions, please read the following articles:
[ERROR] [Help 1] http://cwiki.apache.org/confluence/display/MAVEN/MojoExecutionException
